<?xml version="1.0" encoding="UTF-8"?>
<testsuite xmlns:xsi="http://www.w3.org/2001/XMLSchema-instance" xsi:noNamespaceSchemaLocation="https://maven.apache.org/surefire/maven-surefire-plugin/xsd/surefire-test-report-3.0.xsd" version="3.0" name="io.dscope.camel.persistence.redis.RedisFlowStateStoreContractTest" time="0.347" tests="4" errors="0" skipped="4" failures="0">
  <properties>
[...]
</properties>
  <testcase name="idempotencyKeyPreventsDuplicateAppend" classname="io.dscope.camel.persistence.redis.RedisFlowStateStoreContractTest" time="0.0">
    <skipped type="org.opentest4j.TestAbortedException"><![CDATA[org.opentest4j.TestAbortedException: Assumption failed: Redis is not reachable at redis://localhost:6379. Set -Dcamel.persistence.test.redis.uri to run Redis contract tests.
	at org.junit.jupiter.api.Assumptions.throwAssumptionFailed(Assumptions.java:316)
	at org.junit.jupiter.api.Assumptions.assumeTrue(Assumptions.java:115)
	at io.dscope.camel.persistence.redis.RedisFlowStateStoreContractTest.createStore(RedisFlowStateStoreContractTest.java:15)
	at io.dscope.camel.persistence.testkit.FlowStateStoreContractSuite.idempotencyKeyPreventsDuplicateAppend(FlowStateStoreContractSuite.java:53)
	at java.base/java.lang.reflect.Method.invoke(Method.java:580)
	at java.base/java.util.ArrayList.forEach(ArrayList.java:1596)
	at java.base/java.util.ArrayList.forEach(ArrayList.java:1596)
]]></skipped>
    <system-err><![CDATA[SLF4J: Failed to load class "org.slf4j.impl.StaticLoggerBinder".
SLF4J: Defaulting to no-operation (NOP) logger implementation
SLF4J: See http://www.slf4j.org/codes.html#StaticLoggerBinder for further details.
]]></system-err>
  </testcase>
  <testcase name="rehydrateUsesSnapshotAndTailEvents" classname="io.dscope.camel.persistence.redis.RedisFlowStateStoreContractTest" time="0.0">
    <skipped type="org.opentest4j.TestAbortedException"><![CDATA[org.opentest4j.TestAbortedException: Assumption failed: Redis is not reachable at redis://localhost:6379. Set -Dcamel.persistence.test.redis.uri to run Redis contract tests.
	at org.junit.jupiter.api.Assumptions.throwAssumptionFailed(Assumptions.java:316)
	at org.junit.jupiter.api.Assumptions.assumeTrue(Assumptions.java:115)
	at io.dscope.camel.persistence.redis.RedisFlowStateStoreContractTest.createStore(RedisFlowStateStoreContractTest.java:15)
	at io.dscope.camel.persistence.testkit.FlowStateStoreContractSuite.rehydrateUsesSnapshotAndTailEvents(FlowStateStoreContractSuite.java:85)
	at java.base/java.lang.reflect.Method.invoke(Method.java:580)
	at java.base/java.util.ArrayList.forEach(ArrayList.java:1596)
	at java.base/java.util.ArrayList.forEach(ArrayList.java:1596)
]]></skipped>
  </testcase>
  <testcase name="optimisticConflictIsDetected" classname="io.dscope.camel.persistence.redis.RedisFlowStateStoreContractTest" time="0.0">
    <skipped type="org.opentest4j.TestAbortedException"><![CDATA[org.opentest4j.TestAbortedException: Assumption failed: Redis is not reachable at redis://localhost:6379. Set -Dcamel.persistence.test.redis.uri to run Redis contract tests.
	at org.junit.jupiter.api.Assumptions.throwAssumptionFailed(Assumptions.java:316)
	at org.junit.jupiter.api.Assumptions.assumeTrue(Assumptions.java:115)
	at io.dscope.camel.persistence.redis.RedisFlowStateStoreContractTest.createStore(RedisFlowStateStoreContractTest.java:15)
	at io.dscope.camel.persistence.testkit.FlowStateStoreContractSuite.optimisticConflictIsDetected(FlowStateStoreContractSuite.java:70)
	at java.base/java.lang.reflect.Method.invoke(Method.java:580)
	at java.base/java.util.ArrayList.forEach(ArrayList.java:1596)
	at java.base/java.util.ArrayList.forEach(ArrayList.java:1596)
]]></skipped>
  </testcase>
  <testcase name="appendReadAndSequenceAreMonotonic" classname="io.dscope.camel.persistence.redis.RedisFlowStateStoreContractTest" time="0.0">
    <skipped type="org.opentest4j.TestAbortedException"><![CDATA[org.opentest4j.TestAbortedException: Assumption failed: Redis is not reachable at redis://localhost:6379. Set -Dcamel.persistence.test.redis.uri to run Redis contract tests.
	at org.junit.jupiter.api.Assumptions.throwAssumptionFailed(Assumptions.java:316)
	at org.junit.jupiter.api.Assumptions.assumeTrue(Assumptions.java:115)
	at io.dscope.camel.persistence.redis.RedisFlowStateStoreContractTest.createStore(RedisFlowStateStoreContractTest.java:15)
	at io.dscope.camel.persistence.testkit.FlowStateStoreContractSuite.appendReadAndSequenceAreMonotonic(FlowStateStoreContractSuite.java:35)
	at java.base/java.lang.reflect.Method.invoke(Method.java:580)
	at java.base/java.util.ArrayList.forEach(ArrayList.java:1596)
	at java.base/java.util.ArrayList.forEach(ArrayList.java:1596)
]]></skipped>
  </testcase>
</testsuite>